Arguments: 
  C:\Program Files\nodejs\node.exe C:\Users\2dam\AppData\Roaming\npm\node_modules\yarn\bin\yarn.js add react-native-sound

PATH: 
  C:\Python311\Scripts\;C:\Python311\;C:\Program Files\Common Files\Oracle\Java\javapath;C:\Windows\system32;C:\Windows;C:\Windows\System32\Wbem;C:\Windows\System32\WindowsPowerShell\v1.0\;C:\Windows\System32\OpenSSH\;C:\Program Files\dotnet\;C:\Program Files\nodejs\;C:\ProgramData\chocolatey\bin;C:\Program Files\Git\cmd;C:\Program Files\Git LFS;C:\Gradle\gradle-8.0.1\bin;C:\Users\2dam\AppData\Local\Programs\Python\Python310\Scripts\;C:\Users\2dam\AppData\Local\Programs\Python\Python310\;C:\Users\2dam\AppData\Local\Microsoft\WindowsApps;C:\Users\2dam\AppData\Local\Programs\Microsoft VS Code\bin;C:\Users\2dam\AppData\Local\GitHubDesktop\bin;C:\Users\2dam\.dotnet\tools;C:\Users\2dam\AppData\Roaming\npm

Yarn version: 
  1.22.19

Node version: 
  18.12.1

Platform: 
  win32 x64

Trace: 
  Error: EPERM: operation not permitted, rmdir 'D:\Documents\M7\DrumPad\node_modules\.bin'

npm manifest: 
  {
    "name": "drumpad",
    "version": "1.0.0",
    "main": "node_modules/expo/AppEntry.js",
    "scripts": {
      "start": "expo start",
      "android": "expo start --android",
      "ios": "expo start --ios",
      "web": "expo start --web"
    },
    "dependencies": {
      "expo": "~48.0.9",
      "expo-status-bar": "~1.4.4",
      "react": "18.2.0",
      "react-native": "0.71.4"
    },
    "devDependencies": {
      "@babel/core": "^7.20.0"
    },
    "private": true
  }

yarn manifest: 
  No manifest

Lockfile: 
  No lockfile
